# JRE version: Java(TM) SE Runtime Environment (8.0_31-b13) (build 1.8.0_31-b13)
# Java VM: Java HotSpot(TM) Client VM (25.31-b07 mixed mode, sharing windows-x86 )
Heap:
 def new generation   total 4992K, used 88K [0x04200000, 0x04760000, 0x09750000)
  eden space 4480K,   1% used [0x04200000, 0x042161e8, 0x04660000)
  from space 512K,   0% used [0x04660000, 0x04660000, 0x046e0000)
  to   space 512K,   0% used [0x046e0000, 0x046e0000, 0x04760000)
 tenured generation   total 10944K, used 5258K [0x09750000, 0x0a200000, 0x14200000)
   the space 10944K,  48% used [0x09750000, 0x09c72948, 0x09c72a00, 0x0a200000)
 Metaspace       used 937K, capacity 2645K, committed 2752K, reserved 4480K
GC Heap History (10 events):
Event: 182.039 GC heap before
{Heap before GC invocations=1030 (full 1):
 def new generation   total 4992K, used 4697K [0x04200000, 0x04760000, 0x09750000)
  eden space 4480K, 100% used [0x04200000, 0x04660000, 0x04660000)
  from space 512K,  42% used [0x04660000, 0x04696618, 0x046e0000)
  to   space 512K,   0% used [0x046e0000, 0x046e0000, 0x04760000)
 tenured generation   total 10944K, used 6645K [0x09750000, 0x0a200000, 0x14200000)
   the space 10944K,  60% used [0x09750000, 0x09dcd608, 0x09dcd800, 0x0a200000)
 Metaspace       used 937K, capacity 2645K, committed 2752K, reserved 4480K
Event: 182.040 GC heap after
Heap after GC invocations=1031 (full 1):
 def new generation   total 4992K, used 393K [0x04200000, 0x04760000, 0x09750000)
  eden space 4480K,   0% used [0x04200000, 0x04200000, 0x04660000)
  from space 512K,  76% used [0x046e0000, 0x047427c0, 0x04760000)
  to   space 512K,   0% used [0x04660000, 0x04660000, 0x046e0000)
 tenured generation   total 10944K, used 6645K [0x09750000, 0x0a200000, 0x14200000)
   the space 10944K,  60% used [0x09750000, 0x09dcd608, 0x09dcd800, 0x0a200000)
 Metaspace       used 937K, capacity 2645K, committed 2752K, reserved 4480K
}
Event: 182.076 GC heap before
{Heap before GC invocations=1031 (full 1):
 def new generation   total 4992K, used 4812K [0x04200000, 0x04760000, 0x09750000)
  eden space 4480K,  98% used [0x04200000, 0x04650a60, 0x04660000)
  from space 512K,  76% used [0x046e0000, 0x047427c0, 0x04760000)
  to   space 512K,   0% used [0x04660000, 0x04660000, 0x046e0000)
 tenured generation   total 10944K, used 6645K [0x09750000, 0x0a200000, 0x14200000)
   the space 10944K,  60% used [0x09750000, 0x09dcd608, 0x09dcd800, 0x0a200000)
 Metaspace       used 937K, capacity 2645K, committed 2752K, reserved 4480K
Event: 182.077 GC heap after
Heap after GC invocations=1032 (full 1):
 def new generation   total 4992K, used 116K [0x04200000, 0x04760000, 0x09750000)
  eden space 4480K,   0% used [0x04200000, 0x04200000, 0x04660000)
  from space 512K,  22% used [0x04660000, 0x0467d0b0, 0x046e0000)
  to   space 512K,   0% used [0x046e0000, 0x046e0000, 0x04760000)
 tenured generation   total 10944K, used 6649K [0x09750000, 0x0a200000, 0x14200000)
   the space 10944K,  60% used [0x09750000, 0x09dce6f0, 0x09dce800, 0x0a200000)
 Metaspace       used 937K, capacity 2645K, committed 2752K, reserved 4480K
}
Event: 182.111 GC heap before
{Heap before GC invocations=1032 (full 1):
 def new generation   total 4992K, used 4596K [0x04200000, 0x04760000, 0x09750000)
  eden space 4480K, 100% used [0x04200000, 0x04660000, 0x04660000)
  from space 512K,  22% used [0x04660000, 0x0467d0b0, 0x046e0000)
  to   space 512K,   0% used [0x046e0000, 0x046e0000, 0x04760000)
 tenured generation   total 10944K, used 6649K [0x09750000, 0x0a200000, 0x14200000)
   the space 10944K,  60% used [0x09750000, 0x09dce6f0, 0x09dce800, 0x0a200000)
 Metaspace       used 937K, capacity 2645K, committed 2752K, reserved 4480K
Event: 182.112 GC heap after
Heap after GC invocations=1033 (full 1):
 def new generation   total 4992K, used 363K [0x04200000, 0x04760000, 0x09750000)
  eden space 4480K,   0% used [0x04200000, 0x04200000, 0x04660000)
  from space 512K,  70% used [0x046e0000, 0x0473ace0, 0x04760000)
  to   space 512K,   0% used [0x04660000, 0x04660000, 0x046e0000)
 tenured generation   total 10944K, used 6649K [0x09750000, 0x0a200000, 0x14200000)
   the space 10944K,  60% used [0x09750000, 0x09dce6f0, 0x09dce800, 0x0a200000)
 Metaspace       used 937K, capacity 2645K, committed 2752K, reserved 4480K
}
Event: 182.149 GC heap before
{Heap before GC invocations=1033 (full 1):
 def new generation   total 4992K, used 4797K [0x04200000, 0x04760000, 0x09750000)
  eden space 4480K,  98% used [0x04200000, 0x046548a8, 0x04660000)
  from space 512K,  70% used [0x046e0000, 0x0473ace0, 0x04760000)
  to   space 512K,   0% used [0x04660000, 0x04660000, 0x046e0000)
 tenured generation   total 10944K, used 6649K [0x09750000, 0x0a200000, 0x14200000)
   the space 10944K,  60% used [0x09750000, 0x09dce6f0, 0x09dce800, 0x0a200000)
 Metaspace       used 937K, capacity 2645K, committed 2752K, reserved 4480K
Event: 182.150 GC heap after
Heap after GC invocations=1034 (full 1):
 def new generation   total 4992K, used 42K [0x04200000, 0x04760000, 0x09750000)
  eden space 4480K,   0% used [0x04200000, 0x04200000, 0x04660000)
  from space 512K,   8% used [0x04660000, 0x0466ab40, 0x046e0000)
  to   space 512K,   0% used [0x046e0000, 0x046e0000, 0x04760000)
 tenured generation   total 10944K, used 6651K [0x09750000, 0x0a200000, 0x14200000)
   the space 10944K,  60% used [0x09750000, 0x09dcef10, 0x09dcf000, 0x0a200000)
 Metaspace       used 937K, capacity 2645K, committed 2752K, reserved 4480K
}
Event: 195.423 GC heap before
{Heap before GC invocations=1034 (full 1):
 def new generation   total 4992K, used 4200K [0x04200000, 0x04760000, 0x09750000)
  eden space 4480K,  92% used [0x04200000, 0x0460f790, 0x04660000)
  from space 512K,   8% used [0x04660000, 0x0466ab40, 0x046e0000)
  to   space 512K,   0% used [0x046e0000, 0x046e0000, 0x04760000)
 tenured generation   total 10944K, used 6651K [0x09750000, 0x0a200000, 0x14200000)
   the space 10944K,  60% used [0x09750000, 0x09dcef10, 0x09dcf000, 0x0a200000)
 Metaspace       used 937K, capacity 2645K, committed 2752K, reserved 4480K
Event: 195.438 GC heap after
Heap after GC invocations=1035 (full 2):
 def new generation   total 4992K, used 0K [0x04200000, 0x04760000, 0x09750000)
  eden space 4480K,   0% used [0x04200000, 0x04200000, 0x04660000)
  from space 512K,   0% used [0x04660000, 0x04660000, 0x046e0000)
  to   space 512K,   0% used [0x046e0000, 0x046e0000, 0x04760000)
 tenured generation   total 10944K, used 5258K [0x09750000, 0x0a200000, 0x14200000)
   the space 10944K,  48% used [0x09750000, 0x09c72948, 0x09c72a00, 0x0a200000)
 Metaspace       used 937K, capacity 2645K, committed 2752K, reserved 4480K
}

